Terminal log file
Date: 2016-03-01 - 20:12:57
-----------------------------------------------
20:14:38.641, 0,	3.0100E+00
20:14:39.183, 0,	3.0100E+00
20:14:39.729, 0,	3.0100E+00
20:14:40.276, 0,	3.0100E+00
20:14:40.819, 0,	3.0100E+00
20:14:41.256, 0,	3.0100E+00
20:14:41.802, 0,	3.0000E+00
20:14:42.350, 0,	3.0000E+00
20:14:42.785, 0,	3.0000E+00
20:14:43.331, 0,	3.0100E+00
20:14:43.876, 0,	3.0100E+00
20:14:44.422, 0,	3.0100E+00
20:14:44.865, 0,	3.0100E+00
20:14:45.411, 0,	3.0100E+00
20:14:45.953, 0,	3.0100E+00
20:14:46.388, 0,	3.0100E+00
20:14:46.939, 0,	3.0100E+00
20:14:47.482, 0,	3.0100E+00
20:14:48.033, 0,	3.0100E+00
20:14:48.465, 0,	3.0100E+00
20:14:49.009, 0,	3.0100E+00
20:14:49.557, 0,	3.0300E+00
20:14:49.993, 0,	3.0700E+00
20:14:50.542, 0,	3.4900E+00
20:14:51.084, 0,	3.6400E+00
20:14:51.632, 0,	3.7000E+00
20:14:52.072, 0,	3.7300E+00
20:14:52.616, 0,	3.7300E+00
20:14:53.159, 0,	3.7300E+00
20:14:53.597, 0,	3.7200E+00
20:14:54.145, 0,	3.7000E+00
20:14:54.691, 0,	3.6700E+00
20:14:55.236, 0,	3.6500E+00
20:14:55.670, 0,	3.6200E+00
20:14:56.221, 0,	3.5900E+00
20:14:56.763, 0,	3.5600E+00
20:14:57.200, 0,	3.5300E+00
20:14:57.750, 0,	3.5100E+00
20:14:58.294, 0,	3.4800E+00
20:14:58.842, 0,	3.4600E+00
20:14:59.279, 0,	3.4300E+00
20:14:59.824, 0,	3.4200E+00
20:15:00.370, 0,	3.3900E+00
20:15:00.804, 0,	3.3800E+00
20:15:01.348, 0,	3.3700E+00
20:15:01.897, 0,	3.3600E+00
20:15:02.440, 0,	3.3500E+00
20:15:02.877, 0,	3.3500E+00
20:15:03.426, 0,	3.3400E+00
20:15:03.971, 0,	3.3400E+00
20:15:04.412, 0,	3.3300E+00
20:15:04.953, 0,	3.3300E+00
20:15:05.500, 0,	3.3300E+00
20:15:06.047, 0,	3.3300E+00
20:15:06.918, 0,	3.3200E+00
20:15:07.797, 0,	3.3100E+00
20:15:08.671, 0,	3.3100E+00
20:15:09.648, 0,	3.3100E+00
20:15:10.525, 0,	3.3000E+00
20:15:11.395, 0,	3.3000E+00
20:15:12.269, 0,	3.3000E+00
20:15:13.253, 0,	3.3000E+00
20:15:14.131, 0,	3.3000E+00
20:15:15.001, 0,	3.3000E+00
20:15:15.875, 0,	3.3000E+00
20:15:16.863, 0,	3.3000E+00
20:15:17.728, 0,	3.3000E+00
20:15:19.804, 0,	3.2900E+00
20:15:23.411, 0,	3.2900E+00
20:15:27.016, 0,	3.2700E+00
20:15:30.619, 0,	3.2700E+00
20:15:34.223, 0,	3.2600E+00
20:15:37.823, 0,	3.2600E+00
20:15:41.431, 0,	3.2600E+00
20:15:45.032, 0,	3.2600E+00
20:15:48.635, 0,	3.2500E+00
20:15:52.242, 0,	3.2500E+00
20:15:55.842, 0,	3.2500E+00
20:15:59.448, 0,	3.2500E+00
20:16:03.053, 0,	3.2400E+00
20:16:06.653, 0,	3.2500E+00
20:16:10.258, 0,	3.2400E+00
20:16:13.863, 0,	3.2500E+00
20:16:17.464, 0,	3.2400E+00
20:16:21.065, 0,	3.2400E+00
20:16:24.671, 0,	3.2500E+00
20:16:28.274, 0,	3.2500E+00
20:16:31.881, 0,	3.2500E+00
20:16:35.485, 0,	3.2600E+00
20:16:39.088, 0,	3.2700E+00
20:16:42.689, 0,	3.2600E+00
20:16:46.292, 0,	3.2700E+00
20:16:49.899, 0,	3.2600E+00
20:16:53.501, 0,	3.2700E+00
20:16:57.102, 0,	3.2700E+00
20:17:00.705, 0,	3.2800E+00
20:17:04.312, 0,	3.2800E+00
20:17:07.918, 0,	3.2800E+00
20:17:11.521, 0,	3.2900E+00
20:17:15.120, 0,	3.2900E+00
20:17:18.724, 0,	3.2900E+00
20:17:22.438, 0,	3.2900E+00
20:17:26.041, 0,	3.3000E+00
20:17:29.862, 0,	3.3000E+00
20:17:33.684, 0,	3.3000E+00
20:17:37.399, 0,	3.3000E+00
20:17:41.005, 0,	3.3000E+00
20:17:44.715, 0,	3.3100E+00
20:17:48.322, 0,	3.3200E+00
20:17:51.920, 0,	3.3200E+00
20:17:55.523, 0,	3.3200E+00
20:17:59.131, 0,	3.3200E+00
20:18:02.736, 0,	3.3200E+00
20:18:06.337, 0,	3.3300E+00
20:18:09.938, 0,	3.3300E+00
20:18:13.547, 0,	3.3300E+00
20:18:17.146, 0,	3.3400E+00
20:18:20.750, 0,	3.3400E+00
20:18:24.356, 0,	3.3400E+00
20:18:27.962, 0,	3.3400E+00
20:18:31.560, 0,	3.3500E+00
20:18:35.167, 0,	3.3500E+00
20:18:38.767, 0,	3.3500E+00
20:18:42.373, 0,	3.3500E+00
20:18:45.978, 0,	3.3600E+00
20:18:49.801, 0,	3.3600E+00
20:18:53.405, 0,	3.3600E+00
20:19:01.812, 0,	3.3700E+00
20:19:05.630, 0,	3.3700E+00
20:19:09.235, 0,	3.3800E+00
20:19:12.840, 0,	3.3800E+00
20:19:16.445, 0,	3.3800E+00
20:19:20.046, 0,	3.3800E+00
20:19:23.650, 0,	3.3800E+00
20:19:27.254, 0,	3.3900E+00
20:19:30.859, 0,	3.3900E+00
20:19:34.465, 0,	3.3900E+00
20:19:38.069, 0,	3.3900E+00
20:19:41.667, 0,	3.3900E+00
20:19:45.274, 0,	3.4000E+00
20:19:48.880, 0,	3.4000E+00
20:19:52.481, 0,	3.4000E+00
20:19:56.087, 0,	3.4000E+00
20:19:59.689, 0,	3.4100E+00
20:20:03.290, 0,	3.4100E+00
20:20:06.896, 0,	3.4200E+00
20:20:10.500, 0,	3.4200E+00
20:20:14.103, 0,	3.4200E+00
20:20:17.706, 0,	3.4200E+00
20:20:21.312, 0,	3.4200E+00
20:20:24.912, 0,	3.4200E+00
20:20:28.732, 0,	3.4200E+00
20:20:32.340, 0,	3.4300E+00
20:20:36.162, 0,	3.4300E+00
20:20:39.872, 0,	3.4300E+00
20:20:43.477, 0,	3.4300E+00
20:20:47.078, 0,	3.4300E+00
20:20:50.684, 0,	3.4400E+00
20:20:54.289, 0,	3.4400E+00
20:20:57.894, 0,	3.4400E+00
20:21:01.496, 0,	3.4400E+00
20:21:05.097, 0,	3.4400E+00
20:21:08.703, 0,	3.4500E+00
20:21:12.305, 0,	3.4500E+00
20:21:15.913, 0,	3.4500E+00
20:21:19.515, 0,	3.4500E+00
20:21:23.117, 0,	3.4600E+00
20:21:26.720, 0,	3.4600E+00
20:21:30.322, 0,	3.4600E+00
20:21:34.145, 0,	3.4600E+00
20:21:37.750, 0,	3.4600E+00
20:21:41.355, 0,	3.4700E+00
20:21:44.958, 0,	3.4600E+00
20:21:48.564, 0,	3.4600E+00
20:21:52.167, 0,	3.4700E+00
20:21:55.769, 0,	3.4600E+00
20:21:59.373, 0,	3.4600E+00
20:22:02.976, 0,	3.4600E+00
20:22:06.582, 0,	3.4700E+00
20:22:10.182, 0,	3.4700E+00
20:22:13.783, 0,	3.4700E+00
20:22:17.392, 0,	3.4600E+00
20:22:20.992, 0,	3.4600E+00
20:22:24.598, 0,	3.4600E+00
20:22:28.198, 0,	3.4600E+00
20:22:31.805, 0,	3.4700E+00
20:22:35.628, 0,	3.4600E+00
20:22:39.232, 0,	3.4700E+00
20:22:42.832, 0,	3.4700E+00
20:22:46.438, 0,	3.4700E+00
20:22:50.040, 0,	3.4700E+00
20:22:53.641, 0,	3.4700E+00
20:22:57.248, 0,	3.4700E+00
20:23:00.852, 0,	3.4700E+00
20:23:04.454, 0,	3.4600E+00
20:23:08.063, 0,	3.4600E+00
20:23:11.659, 0,	3.4600E+00
20:23:15.266, 0,	3.4600E+00
20:23:18.867, 0,	3.4600E+00
20:23:22.474, 0,	3.4700E+00
20:23:26.076, 0,	3.4700E+00
20:23:29.682, 0,	3.4600E+00
20:23:33.284, 0,	3.4600E+00
20:23:36.886, 0,	3.4600E+00
20:23:40.493, 0,	3.4600E+00
20:23:44.752, 0,	3.4700E+00
20:23:48.357, 0,	3.4700E+00
20:23:51.959, 0,	3.4600E+00
20:23:55.564, 0,	3.4600E+00
20:23:59.167, 0,	3.4600E+00
20:24:02.770, 0,	3.4600E+00
20:24:06.374, 0,	3.4600E+00
20:24:09.978, 0,	3.4600E+00
20:24:13.579, 0,	3.4600E+00
20:24:17.182, 0,	3.4600E+00
20:24:20.787, 0,	3.4600E+00
20:24:24.388, 0,	3.4600E+00
20:24:27.993, 0,	3.4600E+00
20:24:31.595, 0,	3.4600E+00
20:24:35.204, 0,	3.4600E+00
20:24:38.806, 0,	3.4600E+00
20:24:42.410, 0,	3.4600E+00
20:24:46.009, 0,	3.4600E+00
20:24:47.434, 0,	3.4600E+00
20:24:48.194, 0,	3.4600E+00
20:24:48.739, 0,	3.4600E+00
20:24:49.071, 0,	3.4600E+00
20:24:49.396, 0,	3.4600E+00
20:24:49.831, 0,	3.4600E+00
20:24:50.162, 0,	3.4600E+00
20:24:50.490, 0,	3.4600E+00
20:24:50.923, 0,	3.4600E+00
20:24:51.256, 0,	3.4500E+00
20:24:51.580, 0,	3.4300E+00
20:24:51.909, 0,	3.3800E+00
20:24:52.347, 0,	3.3600E+00
20:24:52.674, 0,	3.3000E+00
20:24:52.999, 0,	3.2800E+00
20:24:53.435, 0,	3.2300E+00
20:24:53.767, 0,	3.2100E+00
20:24:54.091, 0,	3.1700E+00
20:24:54.529, 0,	3.1500E+00
20:24:54.859, 0,	3.1200E+00
20:24:55.182, 0,	3.1100E+00
20:24:55.513, 0,	3.0900E+00
20:24:55.948, 0,	3.0700E+00
20:24:56.281, 0,	3.0500E+00
20:24:56.606, 0,	3.0400E+00
20:24:57.041, 0,	3.0200E+00
20:24:57.371, 0,	3.0200E+00
20:24:57.698, 0,	3.0100E+00
20:24:58.130, 0,	3.0000E+00
20:24:58.458, 0,	2.9900E+00
20:24:58.786, 0,	2.9900E+00
20:24:59.120, 0,	2.9800E+00
20:24:59.556, 0,	2.9800E+00
20:24:59.883, 0,	2.9700E+00
20:25:00.206, 0,	2.9700E+00
20:25:00.642, 0,	2.9600E+00
20:25:00.973, 0,	2.9600E+00
20:25:01.298, 0,	2.9600E+00
20:25:01.734, 0,	2.9600E+00
20:25:02.067, 0,	2.9600E+00
20:25:02.395, 0,	2.9600E+00
20:25:02.721, 0,	2.9500E+00
20:25:03.157, 0,	2.9500E+00
20:25:03.483, 0,	2.9500E+00
20:25:03.812, 0,	2.9500E+00
20:25:04.249, 0,	2.9400E+00
20:25:04.579, 0,	2.9400E+00
20:25:04.904, 0,	2.9400E+00
20:25:05.341, 0,	2.9400E+00
20:25:05.667, 0,	2.9400E+00
20:25:05.995, 0,	2.9400E+00
20:25:06.323, 0,	2.9400E+00
20:25:06.760, 0,	2.9400E+00
20:25:07.090, 0,	2.9400E+00
20:25:07.415, 0,	2.9400E+00
20:25:07.851, 0,	2.9400E+00
20:25:08.182, 0,	2.9400E+00
20:25:08.614, 0,	2.9400E+00
20:25:09.271, 0,	2.9400E+00
20:25:11.566, 0,	2.9400E+00
20:25:15.170, 0,	2.9400E+00
20:25:18.773, 0,	2.9400E+00
20:25:22.374, 0,	2.9400E+00
20:25:25.977, 0,	2.9500E+00
20:25:29.580, 0,	2.9500E+00
20:25:33.187, 0,	2.9500E+00
20:25:36.788, 0,	2.9500E+00
20:25:40.392, 0,	2.9500E+00
20:25:43.995, 0,	2.9500E+00
20:25:47.602, 0,	2.9600E+00
20:25:51.206, 0,	2.9600E+00
20:25:54.808, 0,	2.9600E+00
20:25:58.416, 0,	2.9600E+00
20:26:02.013, 0,	2.9600E+00
20:26:06.162, 0,	2.9600E+00
20:26:11.404, 0,	2.9600E+00
20:26:15.014, 0,	2.9600E+00
20:26:18.725, 0,	2.9600E+00
20:26:22.331, 0,	2.9600E+00
20:26:25.932, 0,	2.9600E+00
20:26:29.537, 0,	2.9600E+00
20:26:33.141, 0,	2.9600E+00
20:26:36.741, 0,	2.9700E+00
20:26:40.349, 0,	2.9700E+00
20:26:43.950, 0,	2.9700E+00
20:26:47.551, 0,	2.9700E+00
20:26:51.158, 0,	2.9700E+00
20:26:54.759, 0,	2.9700E+00
20:26:58.361, 0,	2.9700E+00
20:27:01.970, 0,	2.9700E+00
20:27:05.572, 0,	2.9700E+00
20:27:09.171, 0,	2.9700E+00
20:27:12.782, 0,	2.9700E+00
20:27:16.378, 0,	2.9700E+00
20:27:20.206, 0,	2.9700E+00
20:27:23.811, 0,	2.9700E+00
20:27:27.411, 0,	2.9700E+00
20:27:31.016, 0,	2.9700E+00
20:27:34.617, 0,	2.9700E+00
20:27:38.219, 0,	2.9800E+00
20:27:41.823, 0,	2.9700E+00
20:27:45.426, 0,	2.9800E+00
20:27:49.031, 0,	2.9700E+00
20:27:52.638, 0,	2.9700E+00
20:27:56.239, 0,	2.8800E+00
20:27:59.845, 0,	2.8100E+00
20:28:03.445, 0,	2.7900E+00
20:28:07.051, 0,	2.7900E+00
20:28:10.653, 0,	2.7900E+00
20:28:14.804, 0,	2.7900E+00
20:28:18.629, 0,	2.7900E+00
20:28:22.226, 0,	2.7900E+00
20:28:25.835, 0,	2.7900E+00
20:28:29.538, 0,	2.7900E+00
20:28:33.039, 0,	2.7900E+00
20:28:36.644, 0,	2.7800E+00

-----------------------------------------------
Date: 2016-03-01 - 20:28:39
End log file
